0 info it worked if it ends with ok
1 verbose cli [ 'C:\\Program Files (x86)\\nodejs\\node.exe',
1 verbose cli   'C:\\Program Files (x86)\\nodejs\\node_modules\\npm\\bin\\npm-cli.js',
1 verbose cli   'publish' ]
2 info using npm@3.10.8
3 info using node@v6.9.1
4 verbose publish [ '.' ]
5 silly cache add args [ '.', null ]
6 verbose cache add spec .
7 silly cache add parsed spec Result {
7 silly cache add   raw: '.',
7 silly cache add   scope: null,
7 silly cache add   escapedName: null,
7 silly cache add   name: null,
7 silly cache add   rawSpec: '.',
7 silly cache add   spec: 'C:\\Users\\X230\\Documents\\mathsInliner',
7 silly cache add   type: 'directory' }
8 verbose addLocalDirectory C:\Users\X230\AppData\Roaming\npm-cache\maths-inliner\0.0.2\package.tgz not in flight; packing
9 verbose correctMkdir C:\Users\X230\AppData\Roaming\npm-cache correctMkdir not in flight; initializing
10 info lifecycle maths-inliner@0.0.2~prepublish: maths-inliner@0.0.2
11 silly lifecycle maths-inliner@0.0.2~prepublish: no script for prepublish, continuing
12 verbose tar pack [ 'C:\\Users\\X230\\AppData\\Roaming\\npm-cache\\maths-inliner\\0.0.2\\package.tgz',
12 verbose tar pack   'C:\\Users\\X230\\Documents\\mathsInliner' ]
13 verbose tarball C:\Users\X230\AppData\Roaming\npm-cache\maths-inliner\0.0.2\package.tgz
14 verbose folder C:\Users\X230\Documents\mathsInliner
15 verbose addLocalTarball adding from inside cache C:\Users\X230\AppData\Roaming\npm-cache\maths-inliner\0.0.2\package.tgz
16 verbose correctMkdir C:\Users\X230\AppData\Roaming\npm-cache correctMkdir not in flight; initializing
17 silly cache afterAdd maths-inliner@0.0.2
18 verbose afterAdd C:\Users\X230\AppData\Roaming\npm-cache\maths-inliner\0.0.2\package\package.json not in flight; writing
19 verbose correctMkdir C:\Users\X230\AppData\Roaming\npm-cache correctMkdir not in flight; initializing
20 verbose afterAdd C:\Users\X230\AppData\Roaming\npm-cache\maths-inliner\0.0.2\package\package.json written
21 silly publish { name: 'maths-inliner',
21 silly publish   version: '0.0.2',
21 silly publish   description: 'Inlines MathJax, selected scripts and images.',
21 silly publish   main: 'minliner.js',
21 silly publish   scripts: { test: 'echo "Error: no test specified" && exit 1' },
21 silly publish   repository:
21 silly publish    { type: 'git',
21 silly publish      url: 'git+https://github.com/mwpb/maths-inliner.git' },
21 silly publish   keywords: [ 'mathjax', 'inline', 'svg', 'images', 'scripts' ],
21 silly publish   author:
21 silly publish    { name: 'Matthew Burke',
21 silly publish      email: 'matthewpatrickburke@gmail.com',
21 silly publish      url: 'http://www.mwpb.uk' },
21 silly publish   license: 'ISC',
21 silly publish   bugs: { url: 'https://github.com/mwpb/maths-inliner/issues' },
21 silly publish   homepage: 'https://github.com/mwpb/maths-inliner#readme',
21 silly publish   bin: { minliner: './minliner.js' },
21 silly publish   readme: '# Maths-inliner\r\n\r\nFinds all MathJax inline and display formulas in an html file and replaces them with inline SVG images.\r\n\r\nUseful when you want to display mathematics fast and/or when using Xamarin HybridWebView.\r\n\r\nAllows the user to specify certain script tags (using the id="inline") to inline these scripts.\r\nSimilarly the attribute id="inline" will inline images.\r\n(Tested only with SVG images at present.)\r\n\r\n## Prerequistes\r\n\r\ncheerio\r\nfs\r\ntex2svg\r\n\r\n## Basic Usage\r\n\r\nThe exposed node script is called \'minliner\'.\r\nIt requires 2 arguments: the infile and the outfile.\r\n\r\n```\r\nminliner infile.html outfile.html\r\n```\r\n\r\n## Implementation\r\n\r\nUses regex to locate inline and display mathematics.\r\nUses tex2svg to replace them with \r\nUses Promises for everything async.\r\n\r\n\r\n\r\n\r\n',
21 silly publish   readmeFilename: 'README.md',
21 silly publish   gitHead: '0406e33e86397a6a6f1aa557103d352b0d9b43fa',
21 silly publish   _id: 'maths-inliner@0.0.2',
21 silly publish   _shasum: '6ef7753db5b8d0b39d52d6798b99536b8f468ecd',
21 silly publish   _from: '.' }
22 verbose getPublishConfig undefined
23 silly mapToRegistry name maths-inliner
24 silly mapToRegistry using default registry
25 silly mapToRegistry registry https://registry.npmjs.org/
26 silly mapToRegistry data Result {
26 silly mapToRegistry   raw: 'maths-inliner',
26 silly mapToRegistry   scope: null,
26 silly mapToRegistry   escapedName: 'maths-inliner',
26 silly mapToRegistry   name: 'maths-inliner',
26 silly mapToRegistry   rawSpec: '',
26 silly mapToRegistry   spec: 'latest',
26 silly mapToRegistry   type: 'tag' }
27 silly mapToRegistry uri https://registry.npmjs.org/maths-inliner
28 verbose publish registryBase https://registry.npmjs.org/
29 silly publish uploading C:\Users\X230\AppData\Roaming\npm-cache\maths-inliner\0.0.2\package.tgz
30 verbose request uri https://registry.npmjs.org/maths-inliner
31 verbose request sending authorization for write operation
32 info attempt registry request try #1 at 12:18:11 PM
33 verbose request using bearer token for auth
34 verbose request id 440524aac00c26aa
35 http request PUT https://registry.npmjs.org/maths-inliner
36 http 403 https://registry.npmjs.org/maths-inliner
37 verbose headers { 'content-type': 'application/json',
37 verbose headers   'cache-control': 'max-age=300',
37 verbose headers   'content-length': '95',
37 verbose headers   'accept-ranges': 'bytes',
37 verbose headers   date: 'Wed, 11 Jan 2017 12:18:12 GMT',
37 verbose headers   via: '1.1 varnish',
37 verbose headers   connection: 'keep-alive',
37 verbose headers   'x-served-by': 'cache-lcy1144-LCY',
37 verbose headers   'x-cache': 'MISS',
37 verbose headers   'x-cache-hits': '0',
37 verbose headers   'x-timer': 'S1484137091.245047,VS0,VE1132',
37 verbose headers   vary: 'Accept-Encoding' }
38 verbose request invalidating C:\Users\X230\AppData\Roaming\npm-cache\registry.npmjs.org\maths-inliner on PUT
39 error publish Failed PUT 403
40 verbose stack Error: "You cannot publish over the previously published version 0.0.2." : maths-inliner
40 verbose stack     at makeError (C:\Program Files (x86)\nodejs\node_modules\npm\node_modules\npm-registry-client\lib\request.js:302:12)
40 verbose stack     at CachingRegistryClient.<anonymous> (C:\Program Files (x86)\nodejs\node_modules\npm\node_modules\npm-registry-client\lib\request.js:290:14)
40 verbose stack     at Request._callback (C:\Program Files (x86)\nodejs\node_modules\npm\node_modules\npm-registry-client\lib\request.js:210:14)
40 verbose stack     at Request.self.callback (C:\Program Files (x86)\nodejs\node_modules\npm\node_modules\request\request.js:187:22)
40 verbose stack     at emitTwo (events.js:106:13)
40 verbose stack     at Request.emit (events.js:191:7)
40 verbose stack     at Request.<anonymous> (C:\Program Files (x86)\nodejs\node_modules\npm\node_modules\request\request.js:1044:10)
40 verbose stack     at emitOne (events.js:96:13)
40 verbose stack     at Request.emit (events.js:188:7)
40 verbose stack     at IncomingMessage.<anonymous> (C:\Program Files (x86)\nodejs\node_modules\npm\node_modules\request\request.js:965:12)
41 verbose statusCode 403
42 verbose pkgid maths-inliner
43 verbose cwd C:\Users\X230\Documents\mathsInliner
44 error Windows_NT 10.0.14393
45 error argv "C:\\Program Files (x86)\\nodejs\\node.exe" "C:\\Program Files (x86)\\nodejs\\node_modules\\npm\\bin\\npm-cli.js" "publish"
46 error node v6.9.1
47 error npm  v3.10.8
48 error code E403
49 error "You cannot publish over the previously published version 0.0.2." : maths-inliner
50 error If you need help, you may report this error at:
50 error     <https://github.com/npm/npm/issues>
51 verbose exit [ 1, true ]
